<?xml version="1.0" encoding="UTF-8"?>
<testng-results ignored="0" total="1" passed="1" failed="0" skipped="0">
  <reporter-output>
  </reporter-output>
  <suite started-at="2024-03-14T21:55:39 PDT" name="Suite" finished-at="2024-03-14T21:55:58 PDT" duration-ms="18285">
    <groups>
    </groups>
    <test started-at="2024-03-14T21:55:39 PDT" name="Test" finished-at="2024-03-14T21:55:58 PDT" duration-ms="18285">
      <class name="com.Automation.testcases.LoginToApplication">
        <test-method is-config="true" signature="setup()[pri:0, instance:com.Automation.testcases.LoginToApplication@336f1079]" started-at="2024-03-14T21:55:39 PDT" name="setup" finished-at="2024-03-14T21:55:47 PDT" duration-ms="7066" status="PASS">
          <reporter-output>
          </reporter-output>
        </test-method> <!-- setup -->
        <test-method signature="loginApp(java.lang.String,java.lang.String)[pri:1, instance:com.Automation.testcases.LoginToApplication@336f1079]" started-at="2024-03-14T21:55:50 PDT" name="loginApp" description="Verify login" data-provider="LoginCredentials" finished-at="2024-03-14T21:55:57 PDT" duration-ms="6863" status="PASS">
          <params>
            <param index="0">
              <value>
                <![CDATA[admin@email.com]]>
              </value>
            </param>
            <param index="1">
              <value>
                <![CDATA[admin@123]]>
              </value>
            </param>
          </params>
          <reporter-output>
          </reporter-output>
        </test-method> <!-- loginApp -->
        <test-method is-config="true" signature="tearDown()[pri:0, instance:com.Automation.testcases.LoginToApplication@336f1079]" started-at="2024-03-14T21:55:57 PDT" name="tearDown" finished-at="2024-03-14T21:55:58 PDT" duration-ms="1160" status="PASS">
          <reporter-output>
          </reporter-output>
        </test-method> <!-- tearDown -->
      </class> <!-- com.Automation.testcases.LoginToApplication -->
    </test> <!-- Test -->
  </suite> <!-- Suite -->
</testng-results>
